2025-01-11T01:52:52.419Z [INFO] "2025-01-11T01:52:52.327Z - INFO - ClientList - Current location: /admin/client-management/list"
2025-01-11T01:52:52.421Z [INFO] "2025-01-11T01:52:52.328Z - INFO - ClientList - Using mock data: true"
2025-01-11T01:52:52.422Z [ERROR] "2025-01-11T01:52:52.389Z - ERROR - ClientList - Unexpected format details: {\n  \"apiData\": {\n    \"success\": true,\n    \"data\": {\n      \"items\": [\n        {\n          \"id\": \"1\",\n          \"name\": \"Example Credit Union\",\n          \"type\": \"Enterprise\",\n          \"environment\": \"production\",\n          \"status\": \"Active\",\n          \"domain\": \"examplecu.com\",\n          \"contactName\": \"John Doe\",\n          \"contactEmail\": \"john@example.com\",\n          \"contactPhone\": \"555-0100\",\n          \"settings\": {\n            \"general\": {\n              \"timezone\": \"America/Denver\",\n              \"dateFormat\": \"MM/DD/YYYY\",\n              \"timeFormat\": \"12h\",\n              \"currency\": \"USD\",\n              \"language\": \"en\"\n            },\n            \"security\": {\n              \"passwordPolicy\": {\n                \"minLength\": 8,\n                \"requireUppercase\": true,\n                \"requireLowercase\": true,\n                \"requireNumbers\": true,\n                \"requireSpecialChars\": true,\n                \"expirationDays\": 90\n              },\n              \"loginPolicy\": {\n                \"maxAttempts\": 5,\n                \"lockoutDuration\": 30\n              },\n              \"sessionTimeout\": 30,\n              \"mfaEnabled\": true,\n              \"ipWhitelist\": []\n            },\n            \"notifications\": {\n              \"emailEnabled\": true,\n              \"smsEnabled\": true,\n              \"pushEnabled\": true,\n              \"frequency\": \"realtime\",\n              \"alertTypes\": [\n                \"payment\",\n                \"security\",\n                \"system\"\n              ]\n            },\n            \"branding\": {\n              \"logo\": \"https://example.com/logo.png\",\n              \"primaryColor\": \"#1976d2\",\n              \"secondaryColor\": \"#dc004e\",\n              \"favicon\": \"https://example.com/favicon.ico\"\n            },\n            \"features\": {\n              \"billPay\": true,\n              \"moneyDesktop\": true,\n              \"mobileDeposit\": true,\n              \"p2p\": true,\n              \"cardControls\": true\n            }\n          },\n          \"createdAt\": \"2024-12-26T10:00:00Z\",\n          \"updatedAt\": \"2024-12-26T10:00:00Z\"\n        },\n        {\n          \"id\": \"2\",\n          \"name\": \"Test Credit Union\",\n          \"type\": \"Small\",\n          \"environment\": \"development\",\n          \"status\": \"Active\",\n          \"domain\": \"testcu.com\",\n          \"contactName\": \"Jane Smith\",\n          \"contactEmail\": \"jane@example.com\",\n          \"contactPhone\": \"555-0200\",\n          \"settings\": {\n            \"general\": {\n              \"timezone\": \"America/Chicago\",\n              \"dateFormat\": \"DD/MM/YYYY\",\n              \"timeFormat\": \"24h\",\n              \"currency\": \"USD\",\n              \"language\": \"en\"\n            },\n            \"security\": {\n              \"passwordPolicy\": {\n                \"minLength\": 10,\n                \"requireUppercase\": true,\n                \"requireLowercase\": true,\n                \"requireNumbers\": true,\n                \"requireSpecialChars\": false,\n                \"expirationDays\": 60\n              },\n              \"loginPolicy\": {\n                \"maxAttempts\": 3,\n                \"lockoutDuration\": 15\n              },\n              \"sessionTimeout\": 15,\n              \"mfaEnabled\": false,\n              \"ipWhitelist\": []\n            },\n            \"notifications\": {\n              \"emailEnabled\": true,\n              \"smsEnabled\": false,\n              \"pushEnabled\": false,\n              \"frequency\": \"daily\",\n              \"alertTypes\": [\n                \"security\"\n              ]\n            },\n            \"branding\": {\n              \"logo\": \"https://example.com/logo2.png\",\n              \"primaryColor\": \"#4caf50\",\n              \"secondaryColor\": \"#ff9800\",\n              \"favicon\": \"https://example.com/favicon2.ico\"\n            },\n            \"features\": {\n              \"billPay\": true,\n              \"moneyDesktop\": false,\n              \"mobileDeposit\": true,\n              \"p2p\": false,\n              \"cardControls\": true\n            }\n          },\n          \"createdAt\": \"2024-12-26T10:00:00Z\",\n          \"updatedAt\": \"2024-12-26T10:00:00Z\"\n        }\n      ],\n      \"pagination\": {\n        \"total\": 2,\n        \"page\": 1,\n        \"limit\": 20,\n        \"pages\": 1\n      }\n    }\n  },\n  \"type\": \"object\",\n  \"structure\": [\n    \"success\",\n    \"data\"\n  ]\n}"
2025-01-11T01:52:52.422Z [INFO] "2025-01-11T01:52:52.328Z - INFO - ClientList - Current location: /admin/client-management/list"
2025-01-11T01:52:52.423Z [INFO] "2025-01-11T01:52:52.389Z - INFO - ClientList - Raw response: {\n  \"success\": true,\n  \"data\": {\n    \"success\": true,\n    \"data\": {\n      \"items\": [\n        {\n          \"id\": \"1\",\n          \"name\": \"Example Credit Union\",\n          \"type\": \"Enterprise\",\n          \"environment\": \"production\",\n          \"status\": \"Active\",\n          \"domain\": \"examplecu.com\",\n          \"contactName\": \"John Doe\",\n          \"contactEmail\": \"john@example.com\",\n          \"contactPhone\": \"555-0100\",\n          \"settings\": {\n            \"general\": {\n              \"timezone\": \"America/Denver\",\n              \"dateFormat\": \"MM/DD/YYYY\",\n              \"timeFormat\": \"12h\",\n              \"currency\": \"USD\",\n              \"language\": \"en\"\n            },\n            \"security\": {\n              \"passwordPolicy\": {\n                \"minLength\": 8,\n                \"requireUppercase\": true,\n                \"requireLowercase\": true,\n                \"requireNumbers\": true,\n                \"requireSpecialChars\": true,\n                \"expirationDays\": 90\n              },\n              \"loginPolicy\": {\n                \"maxAttempts\": 5,\n                \"lockoutDuration\": 30\n              },\n              \"sessionTimeout\": 30,\n              \"mfaEnabled\": true,\n              \"ipWhitelist\": []\n            },\n            \"notifications\": {\n              \"emailEnabled\": true,\n              \"smsEnabled\": true,\n              \"pushEnabled\": true,\n              \"frequency\": \"realtime\",\n              \"alertTypes\": [\n                \"payment\",\n                \"security\",\n                \"system\"\n              ]\n            },\n            \"branding\": {\n              \"logo\": \"https://example.com/logo.png\",\n              \"primaryColor\": \"#1976d2\",\n              \"secondaryColor\": \"#dc004e\",\n              \"favicon\": \"https://example.com/favicon.ico\"\n            },\n            \"features\": {\n              \"billPay\": true,\n              \"moneyDesktop\": true,\n              \"mobileDeposit\": true,\n              \"p2p\": true,\n              \"cardControls\": true\n            }\n          },\n          \"createdAt\": \"2024-12-26T10:00:00Z\",\n          \"updatedAt\": \"2024-12-26T10:00:00Z\"\n        },\n        {\n          \"id\": \"2\",\n          \"name\": \"Test Credit Union\",\n          \"type\": \"Small\",\n          \"environment\": \"development\",\n          \"status\": \"Active\",\n          \"domain\": \"testcu.com\",\n          \"contactName\": \"Jane Smith\",\n          \"contactEmail\": \"jane@example.com\",\n          \"contactPhone\": \"555-0200\",\n          \"settings\": {\n            \"general\": {\n              \"timezone\": \"America/Chicago\",\n              \"dateFormat\": \"DD/MM/YYYY\",\n              \"timeFormat\": \"24h\",\n              \"currency\": \"USD\",\n              \"language\": \"en\"\n            },\n            \"security\": {\n              \"passwordPolicy\": {\n                \"minLength\": 10,\n                \"requireUppercase\": true,\n                \"requireLowercase\": true,\n                \"requireNumbers\": true,\n                \"requireSpecialChars\": false,\n                \"expirationDays\": 60\n              },\n              \"loginPolicy\": {\n                \"maxAttempts\": 3,\n                \"lockoutDuration\": 15\n              },\n              \"sessionTimeout\": 15,\n              \"mfaEnabled\": false,\n              \"ipWhitelist\": []\n            },\n            \"notifications\": {\n              \"emailEnabled\": true,\n              \"smsEnabled\": false,\n              \"pushEnabled\": false,\n              \"frequency\": \"daily\",\n              \"alertTypes\": [\n                \"security\"\n              ]\n            },\n            \"branding\": {\n              \"logo\": \"https://example.com/logo2.png\",\n              \"primaryColor\": \"#4caf50\",\n              \"secondaryColor\": \"#ff9800\",\n              \"favicon\": \"https://example.com/favicon2.ico\"\n            },\n            \"features\": {\n              \"billPay\": true,\n              \"moneyDesktop\": false,\n              \"mobileDeposit\": true,\n              \"p2p\": false,\n              \"cardControls\": true\n            }\n          },\n          \"createdAt\": \"2024-12-26T10:00:00Z\",\n          \"updatedAt\": \"2024-12-26T10:00:00Z\"\n        }\n      ],\n      \"pagination\": {\n        \"total\": 2,\n        \"page\": 1,\n        \"limit\": 20,\n        \"pages\": 1\n      }\n    }\n  }\n}"
2025-01-11T01:52:52.423Z [ERROR] "2025-01-11T01:52:52.389Z - ERROR - Error loading clients: {}"
2025-01-11T01:52:52.424Z [INFO] "2025-01-11T01:52:52.328Z - INFO - ClientList - Using mock data: true"
2025-01-11T01:52:52.424Z [ERROR] "2025-01-11T01:52:52.389Z - ERROR - ClientList - Unexpected format details: {\n  \"apiData\": {\n    \"success\": true,\n    \"data\": {\n      \"items\": [\n        {\n          \"id\": \"1\",\n          \"name\": \"Example Credit Union\",\n          \"type\": \"Enterprise\",\n          \"environment\": \"production\",\n          \"status\": \"Active\",\n          \"domain\": \"examplecu.com\",\n          \"contactName\": \"John Doe\",\n          \"contactEmail\": \"john@example.com\",\n          \"contactPhone\": \"555-0100\",\n          \"settings\": {\n            \"general\": {\n              \"timezone\": \"America/Denver\",\n              \"dateFormat\": \"MM/DD/YYYY\",\n              \"timeFormat\": \"12h\",\n              \"currency\": \"USD\",\n              \"language\": \"en\"\n            },\n            \"security\": {\n              \"passwordPolicy\": {\n                \"minLength\": 8,\n                \"requireUppercase\": true,\n                \"requireLowercase\": true,\n                \"requireNumbers\": true,\n                \"requireSpecialChars\": true,\n                \"expirationDays\": 90\n              },\n              \"loginPolicy\": {\n                \"maxAttempts\": 5,\n                \"lockoutDuration\": 30\n              },\n              \"sessionTimeout\": 30,\n              \"mfaEnabled\": true,\n              \"ipWhitelist\": []\n            },\n            \"notifications\": {\n              \"emailEnabled\": true,\n              \"smsEnabled\": true,\n              \"pushEnabled\": true,\n              \"frequency\": \"realtime\",\n              \"alertTypes\": [\n                \"payment\",\n                \"security\",\n                \"system\"\n              ]\n            },\n            \"branding\": {\n              \"logo\": \"https://example.com/logo.png\",\n              \"primaryColor\": \"#1976d2\",\n              \"secondaryColor\": \"#dc004e\",\n              \"favicon\": \"https://example.com/favicon.ico\"\n            },\n            \"features\": {\n              \"billPay\": true,\n              \"moneyDesktop\": true,\n              \"mobileDeposit\": true,\n              \"p2p\": true,\n              \"cardControls\": true\n            }\n          },\n          \"createdAt\": \"2024-12-26T10:00:00Z\",\n          \"updatedAt\": \"2024-12-26T10:00:00Z\"\n        },\n        {\n          \"id\": \"2\",\n          \"name\": \"Test Credit Union\",\n          \"type\": \"Small\",\n          \"environment\": \"development\",\n          \"status\": \"Active\",\n          \"domain\": \"testcu.com\",\n          \"contactName\": \"Jane Smith\",\n          \"contactEmail\": \"jane@example.com\",\n          \"contactPhone\": \"555-0200\",\n          \"settings\": {\n            \"general\": {\n              \"timezone\": \"America/Chicago\",\n              \"dateFormat\": \"DD/MM/YYYY\",\n              \"timeFormat\": \"24h\",\n              \"currency\": \"USD\",\n              \"language\": \"en\"\n            },\n            \"security\": {\n              \"passwordPolicy\": {\n                \"minLength\": 10,\n                \"requireUppercase\": true,\n                \"requireLowercase\": true,\n                \"requireNumbers\": true,\n                \"requireSpecialChars\": false,\n                \"expirationDays\": 60\n              },\n              \"loginPolicy\": {\n                \"maxAttempts\": 3,\n                \"lockoutDuration\": 15\n              },\n              \"sessionTimeout\": 15,\n              \"mfaEnabled\": false,\n              \"ipWhitelist\": []\n            },\n            \"notifications\": {\n              \"emailEnabled\": true,\n              \"smsEnabled\": false,\n              \"pushEnabled\": false,\n              \"frequency\": \"daily\",\n              \"alertTypes\": [\n                \"security\"\n              ]\n            },\n            \"branding\": {\n              \"logo\": \"https://example.com/logo2.png\",\n              \"primaryColor\": \"#4caf50\",\n              \"secondaryColor\": \"#ff9800\",\n              \"favicon\": \"https://example.com/favicon2.ico\"\n            },\n            \"features\": {\n              \"billPay\": true,\n              \"moneyDesktop\": false,\n              \"mobileDeposit\": true,\n              \"p2p\": false,\n              \"cardControls\": true\n            }\n          },\n          \"createdAt\": \"2024-12-26T10:00:00Z\",\n          \"updatedAt\": \"2024-12-26T10:00:00Z\"\n        }\n      ],\n      \"pagination\": {\n        \"total\": 2,\n        \"page\": 1,\n        \"limit\": 20,\n        \"pages\": 1\n      }\n    }\n  },\n  \"type\": \"object\",\n  \"structure\": [\n    \"success\",\n    \"data\"\n  ]\n}"
2025-01-11T01:52:52.424Z [ERROR] "2025-01-11T01:52:52.390Z - ERROR - Error loading clients: {}"
2025-01-11T01:52:52.425Z [INFO] "2025-01-11T01:52:52.389Z - INFO - ClientList - API Data structure: {\n  \"isArray\": false,\n  \"hasItems\": false,\n  \"itemsIsArray\": false,\n  \"type\": \"object\",\n  \"keys\": [\n    \"success\",\n    \"data\"\n  ]\n}"
2025-01-11T01:52:52.425Z [INFO] "2025-01-11T01:52:52.388Z - INFO - ClientList - Raw response: {\n  \"success\": true,\n  \"data\": {\n    \"success\": true,\n    \"data\": {\n      \"items\": [\n        {\n          \"id\": \"1\",\n          \"name\": \"Example Credit Union\",\n          \"type\": \"Enterprise\",\n          \"environment\": \"production\",\n          \"status\": \"Active\",\n          \"domain\": \"examplecu.com\",\n          \"contactName\": \"John Doe\",\n          \"contactEmail\": \"john@example.com\",\n          \"contactPhone\": \"555-0100\",\n          \"settings\": {\n            \"general\": {\n              \"timezone\": \"America/Denver\",\n              \"dateFormat\": \"MM/DD/YYYY\",\n              \"timeFormat\": \"12h\",\n              \"currency\": \"USD\",\n              \"language\": \"en\"\n            },\n            \"security\": {\n              \"passwordPolicy\": {\n                \"minLength\": 8,\n                \"requireUppercase\": true,\n                \"requireLowercase\": true,\n                \"requireNumbers\": true,\n                \"requireSpecialChars\": true,\n                \"expirationDays\": 90\n              },\n              \"loginPolicy\": {\n                \"maxAttempts\": 5,\n                \"lockoutDuration\": 30\n              },\n              \"sessionTimeout\": 30,\n              \"mfaEnabled\": true,\n              \"ipWhitelist\": []\n            },\n            \"notifications\": {\n              \"emailEnabled\": true,\n              \"smsEnabled\": true,\n              \"pushEnabled\": true,\n              \"frequency\": \"realtime\",\n              \"alertTypes\": [\n                \"payment\",\n                \"security\",\n                \"system\"\n              ]\n            },\n            \"branding\": {\n              \"logo\": \"https://example.com/logo.png\",\n              \"primaryColor\": \"#1976d2\",\n              \"secondaryColor\": \"#dc004e\",\n              \"favicon\": \"https://example.com/favicon.ico\"\n            },\n            \"features\": {\n              \"billPay\": true,\n              \"moneyDesktop\": true,\n              \"mobileDeposit\": true,\n              \"p2p\": true,\n              \"cardControls\": true\n            }\n          },\n          \"createdAt\": \"2024-12-26T10:00:00Z\",\n          \"updatedAt\": \"2024-12-26T10:00:00Z\"\n        },\n        {\n          \"id\": \"2\",\n          \"name\": \"Test Credit Union\",\n          \"type\": \"Small\",\n          \"environment\": \"development\",\n          \"status\": \"Active\",\n          \"domain\": \"testcu.com\",\n          \"contactName\": \"Jane Smith\",\n          \"contactEmail\": \"jane@example.com\",\n          \"contactPhone\": \"555-0200\",\n          \"settings\": {\n            \"general\": {\n              \"timezone\": \"America/Chicago\",\n              \"dateFormat\": \"DD/MM/YYYY\",\n              \"timeFormat\": \"24h\",\n              \"currency\": \"USD\",\n              \"language\": \"en\"\n            },\n            \"security\": {\n              \"passwordPolicy\": {\n                \"minLength\": 10,\n                \"requireUppercase\": true,\n                \"requireLowercase\": true,\n                \"requireNumbers\": true,\n                \"requireSpecialChars\": false,\n                \"expirationDays\": 60\n              },\n              \"loginPolicy\": {\n                \"maxAttempts\": 3,\n                \"lockoutDuration\": 15\n              },\n              \"sessionTimeout\": 15,\n              \"mfaEnabled\": false,\n              \"ipWhitelist\": []\n            },\n            \"notifications\": {\n              \"emailEnabled\": true,\n              \"smsEnabled\": false,\n              \"pushEnabled\": false,\n              \"frequency\": \"daily\",\n              \"alertTypes\": [\n                \"security\"\n              ]\n            },\n            \"branding\": {\n              \"logo\": \"https://example.com/logo2.png\",\n              \"primaryColor\": \"#4caf50\",\n              \"secondaryColor\": \"#ff9800\",\n              \"favicon\": \"https://example.com/favicon2.ico\"\n            },\n            \"features\": {\n              \"billPay\": true,\n              \"moneyDesktop\": false,\n              \"mobileDeposit\": true,\n              \"p2p\": false,\n              \"cardControls\": true\n            }\n          },\n          \"createdAt\": \"2024-12-26T10:00:00Z\",\n          \"updatedAt\": \"2024-12-26T10:00:00Z\"\n        }\n      ],\n      \"pagination\": {\n        \"total\": 2,\n        \"page\": 1,\n        \"limit\": 20,\n        \"pages\": 1\n      }\n    }\n  }\n}"
2025-01-11T01:52:52.426Z [INFO] "2025-01-11T01:52:52.388Z - INFO - ClientList - API Data structure: {\n  \"isArray\": false,\n  \"hasItems\": false,\n  \"itemsIsArray\": false,\n  \"type\": \"object\",\n  \"keys\": [\n    \"success\",\n    \"data\"\n  ]\n}"
2025-01-11T01:54:04.942Z [undefined] "ClientList - Current location:"
2025-01-11T01:54:04.951Z [undefined] "ClientList - API Data structure:"
2025-01-11T01:54:04.955Z [undefined] "ClientList - Using mock data:"
2025-01-11T01:54:04.957Z [undefined] "ClientList - Raw response:"
2025-01-11T01:54:04.958Z [undefined] "ClientList - Unexpected format details:"
2025-01-11T01:54:04.961Z [undefined] "Error loading clients:"
2025-01-11T01:54:32.529Z [undefined] "ClientList - Current location: /admin/client-management/list"
2025-01-11T01:54:32.535Z [undefined] "ClientList - Using mock data: true"
2025-01-11T01:54:32.568Z [undefined] "ClientList - Raw response: [object Object]"
2025-01-11T01:54:32.568Z [undefined] "ClientList - API Data structure: {\"isArray\":false,\"hasItems\":false,\"itemsIsArray\":false,\"type\":\"object\",\"keys\":[\"success\",\"data\"]}"
2025-01-11T01:54:32.569Z [undefined] "ClientList - Unexpected format details: {\"apiData\":{\"success\":true,\"data\":{\"items\":[{\"id\":\"1\",\"name\":\"Example Credit Union\",\"type\":\"Enterprise\",\"environment\":\"production\",\"status\":\"Active\",\"domain\":\"examplecu.com\",\"contactName\":\"John Doe\",\"contactEmail\":\"john@example.com\",\"contactPhone\":\"555-0100\",\"settings\":{\"general\":{\"timezone\":\"America/Denver\",\"dateFormat\":\"MM/DD/YYYY\",\"timeFormat\":\"12h\",\"currency\":\"USD\",\"language\":\"en\"},\"security\":{\"passwordPolicy\":{\"minLength\":8,\"requireUppercase\":true,\"requireLowercase\":true,\"requireNumbers\":true,\"requireSpecialChars\":true,\"expirationDays\":90},\"loginPolicy\":{\"maxAttempts\":5,\"lockoutDuration\":30},\"sessionTimeout\":30,\"mfaEnabled\":true,\"ipWhitelist\":[]},\"notifications\":{\"emailEnabled\":true,\"smsEnabled\":true,\"pushEnabled\":true,\"frequency\":\"realtime\",\"alertTypes\":[\"payment\",\"security\",\"system\"]},\"branding\":{\"logo\":\"https://example.com/logo.png\",\"primaryColor\":\"#1976d2\",\"secondaryColor\":\"#dc004e\",\"favicon\":\"https://example.com/favicon.ico\"},\"features\":{\"billPay\":true,\"moneyDesktop\":true,\"mobileDeposit\":true,\"p2p\":true,\"cardControls\":true}},\"createdAt\":\"2024-12-26T10:00:00Z\",\"updatedAt\":\"2024-12-26T10:00:00Z\"},{\"id\":\"2\",\"name\":\"Test Credit Union\",\"type\":\"Small\",\"environment\":\"development\",\"status\":\"Active\",\"domain\":\"testcu.com\",\"contactName\":\"Jane Smith\",\"contactEmail\":\"jane@example.com\",\"contactPhone\":\"555-0200\",\"settings\":{\"general\":{\"timezone\":\"America/Chicago\",\"dateFormat\":\"DD/MM/YYYY\",\"timeFormat\":\"24h\",\"currency\":\"USD\",\"language\":\"en\"},\"security\":{\"passwordPolicy\":{\"minLength\":10,\"requireUppercase\":true,\"requireLowercase\":true,\"requireNumbers\":true,\"requireSpecialChars\":false,\"expirationDays\":60},\"loginPolicy\":{\"maxAttempts\":3,\"lockoutDuration\":15},\"sessionTimeout\":15,\"mfaEnabled\":false,\"ipWhitelist\":[]},\"notifications\":{\"emailEnabled\":true,\"smsEnabled\":false,\"pushEnabled\":false,\"frequency\":\"daily\",\"alertTypes\":[\"security\"]},\"branding\":{\"logo\":\"https://example.com/logo2.png\",\"primaryColor\":\"#4caf50\",\"secondaryColor\":\"#ff9800\",\"favicon\":\"https://example.com/favicon2.ico\"},\"features\":{\"billPay\":true,\"moneyDesktop\":false,\"mobileDeposit\":true,\"p2p\":false,\"cardControls\":true}},\"createdAt\":\"2024-12-26T10:00:00Z\",\"updatedAt\":\"2024-12-26T10:00:00Z\"}],\"pagination\":{\"total\":2,\"page\":1,\"limit\":20,\"pages\":1}}},\"type\":\"object\",\"structure\":[\"success\",\"data\"]}"
2025-01-11T01:54:32.570Z [undefined] "Error loading clients: Error: Unexpected response format"
2025-01-11T01:55:36.976Z "ClientList - Current location: /admin/client-management/list"
2025-01-11T01:55:36.978Z "ClientList - Using mock data: true"
2025-01-11T01:55:36.979Z "ClientList - Current location: /admin/client-management/list"
2025-01-11T01:55:36.980Z "ClientList - Using mock data: true"
2025-01-11T01:55:36.982Z "Error loading clients: TypeError: Failed to fetch"
2025-01-11T01:55:36.983Z "Error loading clients: TypeError: Failed to fetch"
2025-01-11T01:58:22.629Z "ClientList - Current location: /admin/client-management/list"
2025-01-11T01:58:22.631Z "ClientList - Current location: /admin/client-management/list"
2025-01-11T01:58:22.633Z "ClientList - Using mock data: true"
2025-01-11T01:58:22.633Z "ClientList - Using mock data: true"
2025-01-11T01:58:22.637Z "Error loading clients: TypeError: Failed to fetch"
2025-01-11T01:58:22.638Z "Error loading clients: TypeError: Failed to fetch"
2025-01-11T02:00:08.878Z "ClientList - Current location: /admin/client-management/list"
2025-01-11T02:00:08.880Z "ClientList - Using mock data: true"
2025-01-11T02:00:08.881Z "ClientList - Current location: /admin/client-management/list"
2025-01-11T02:00:08.881Z "ClientList - Using mock data: true"
2025-01-11T02:00:08.890Z "Error loading clients: TypeError: Failed to fetch"
2025-01-11T02:00:08.891Z "Error loading clients: TypeError: Failed to fetch"
2025-01-11T02:01:14.883Z "ClientList - Current location: /admin/client-management/list"
2025-01-11T02:01:14.885Z "ClientList - Current location: /admin/client-management/list"
2025-01-11T02:01:14.887Z "ClientList - Using mock data: true"
2025-01-11T02:01:14.887Z "ClientList - Using mock data: true"
2025-01-11T02:01:14.898Z "Error loading clients: TypeError: Failed to fetch"
2025-01-11T02:01:14.899Z "Error loading clients: TypeError: Failed to fetch"
2025-01-11T02:02:34.111Z "ClientList - Current location: /admin/client-management/list"
2025-01-11T02:02:34.113Z "ClientList - Current location: /admin/client-management/list"
2025-01-11T02:02:34.114Z "ClientList - Using mock data: true"
2025-01-11T02:02:34.115Z "ClientList - Using mock data: true"
2025-01-11T02:02:34.124Z "Error loading clients: TypeError: Failed to fetch"
2025-01-11T02:02:34.124Z "Error loading clients: TypeError: Failed to fetch"
2025-01-11T02:04:29.412Z "ClientList - Current location: /admin/client-management/list"
2025-01-11T02:04:29.415Z "ClientList - Using mock data: true"
2025-01-11T02:04:29.416Z "ClientList - Current location: /admin/client-management/list"
2025-01-11T02:04:29.417Z "ClientList - Using mock data: true"
2025-01-11T02:04:29.424Z "Error loading clients: TypeError: Failed to fetch"
2025-01-11T02:04:29.425Z "Error loading clients: TypeError: Failed to fetch"
2025-01-11T02:07:12.763Z "ClientList - Current location: /admin/client-management/list"
2025-01-11T02:07:12.766Z "ClientList - Current location: /admin/client-management/list"
2025-01-11T02:07:12.766Z "ClientList - Using mock data: true"
2025-01-11T02:07:12.767Z "ClientList - Using mock data: true"
2025-01-11T02:07:12.774Z "Error loading clients: TypeError: Failed to fetch"
2025-01-11T02:07:12.775Z "Error loading clients: TypeError: Failed to fetch"
2025-01-11T02:08:28.131Z "ClientList - Current location: /admin/client-management/list"
2025-01-11T02:08:28.133Z "ClientList - Current location: /admin/client-management/list"
2025-01-11T02:08:28.134Z "ClientList - Using mock data: true"
2025-01-11T02:08:28.134Z "ClientList - Using mock data: true"
2025-01-11T02:08:28.143Z "Error loading clients: TypeError: Failed to fetch"
2025-01-11T02:08:28.143Z "Error loading clients: TypeError: Failed to fetch"
2025-01-11T02:09:40.526Z "ClientList - Current location: /admin/client-management/list"
2025-01-11T02:09:40.529Z "ClientList - Current location: /admin/client-management/list"
2025-01-11T02:09:40.529Z "ClientList - Using mock data: true"
2025-01-11T02:09:40.530Z "ClientList - Using mock data: true"
2025-01-11T02:09:40.539Z "Error loading clients: TypeError: Failed to fetch"
2025-01-11T02:09:40.539Z "Error loading clients: TypeError: Failed to fetch"
2025-01-11T02:10:36.224Z "ClientList - Current location: /admin/client-management/list"
2025-01-11T02:10:36.227Z "ClientList - Current location: /admin/client-management/list"
2025-01-11T02:10:36.228Z "ClientList - Using mock data: true"
2025-01-11T02:10:36.228Z "ClientList - Using mock data: true"
2025-01-11T02:10:36.235Z "Error loading clients: TypeError: Failed to fetch"
2025-01-11T02:10:36.236Z "Error loading clients: TypeError: Failed to fetch"
2025-01-11T02:13:28.146Z "ClientList - Current location: /admin/client-management/list"
2025-01-11T02:13:28.149Z "ClientList - Using mock data: true"
2025-01-11T02:13:28.150Z "ClientList - Using mock data: true"
2025-01-11T02:13:28.151Z "ClientList - Current location: /admin/client-management/list"
2025-01-11T02:13:28.163Z "Error loading clients: TypeError: Failed to fetch"
2025-01-11T02:13:28.164Z "Error loading clients: TypeError: Failed to fetch"
2025-01-11T02:16:14.227Z "ClientList - Current location: /admin/client-management/list"
2025-01-11T02:16:14.230Z "ClientList - Current location: /admin/client-management/list"
2025-01-11T02:16:14.231Z "ClientList - Using mock data: true"
2025-01-11T02:16:14.231Z "ClientList - Using mock data: true"
2025-01-11T02:16:14.237Z "Error loading clients: TypeError: Failed to fetch"
2025-01-11T02:16:14.237Z "Error loading clients: TypeError: Failed to fetch"
2025-01-11T02:18:37.093Z "ClientList - Current location: /admin/client-management/list"
2025-01-11T02:18:37.096Z "ClientList - Current location: /admin/client-management/list"
2025-01-11T02:18:37.098Z "ClientList - Using mock data: true"
2025-01-11T02:18:37.098Z "ClientList - Using mock data: true"
2025-01-11T02:18:37.104Z "Error loading clients: TypeError: Failed to fetch"
2025-01-11T02:18:37.105Z "Error loading clients: TypeError: Failed to fetch"
2025-01-11T02:20:47.346Z "ClientList - Current location: /admin/client-management/list"
2025-01-11T02:20:47.348Z "ClientList - Current location: /admin/client-management/list"
2025-01-11T02:20:47.348Z "ClientList - Using mock data: true"
2025-01-11T02:20:47.349Z "ClientList - Using mock data: true"
2025-01-11T02:20:47.356Z "Error loading clients: TypeError: Failed to fetch"
2025-01-11T02:20:47.357Z "Error loading clients: TypeError: Failed to fetch"
2025-01-11T02:21:50.926Z "ClientList - Current location: /admin/client-management/list"
2025-01-11T02:21:50.929Z "ClientList - Current location: /admin/client-management/list"
2025-01-11T02:21:50.930Z "ClientList - Using mock data: true"
2025-01-11T02:21:50.930Z "ClientList - Using mock data: true"
2025-01-11T02:21:50.939Z "Error loading clients: TypeError: Failed to fetch"
2025-01-11T02:21:50.940Z "Error loading clients: TypeError: Failed to fetch"
2025-01-11T02:23:11.603Z "ClientList - Current location: /admin/client-management/list"
2025-01-11T02:23:11.606Z "ClientList - Current location: /admin/client-management/list"
2025-01-11T02:23:11.607Z "ClientList - Using mock data: true"
2025-01-11T02:23:11.607Z "ClientList - Using mock data: true"
2025-01-11T02:23:11.613Z "Error loading clients: TypeError: Failed to fetch"
2025-01-11T02:23:11.613Z "Error loading clients: TypeError: Failed to fetch"
2025-01-11T02:23:28.816Z "ClientList - Current location: /admin/client-management/list"
2025-01-11T02:23:28.819Z "Error loading clients: TypeError: Failed to fetch"
2025-01-11T02:23:28.820Z "ClientList - Using mock data: true"
2025-01-11T02:23:28.821Z "ClientList - Current location: /admin/client-management/list"
2025-01-11T02:23:28.821Z "Error loading clients: TypeError: Failed to fetch"
2025-01-11T02:23:28.822Z "ClientList - Using mock data: true"
2025-01-11T21:16:59.269Z "ClientList - Current location: /admin/client-management/list"
2025-01-11T21:16:59.272Z "ClientList - Using mock data: true"
2025-01-11T21:16:59.272Z "ClientList - Current location: /admin/client-management/list"
2025-01-11T21:16:59.272Z "ClientList - Using mock data: true"
2025-01-11T21:16:59.273Z "Error loading clients: TypeError: Failed to fetch"
2025-01-11T21:16:59.277Z "Error loading clients: TypeError: Failed to fetch"
2025-01-15T16:27:42.777Z "Failed to get current session: AxiosError: Network Error"
2025-01-15T16:27:42.785Z "Failed to get current session: AxiosError: Network Error"
2025-01-22T16:19:00.097Z "Failed to get current session: AxiosError: Network Error"
2025-01-22T16:19:17.760Z "Failed to get current session: AxiosError: Network Error"
2025-01-22T16:19:41.308Z "Failed to get current session: AxiosError: Network Error"
2025-01-22T16:21:02.972Z "Failed to get current session: AxiosError: Network Error"
2025-01-22T16:21:18.687Z "Failed to get current session: AxiosError: Network Error"
2025-01-22T16:23:00.865Z "Login failed for user admin: AxiosError: Network Error"
2025-01-22T16:26:49.716Z "Failed to get current session: AxiosError: Network Error"
2025-01-22T16:27:04.323Z "Failed to get current session: AxiosError: Network Error"
2025-01-22T16:27:47.107Z "Failed to get current session: AxiosError: Network Error"
2025-01-22T16:28:53.621Z "Failed to get current session: AxiosError: Network Error"
2025-01-22T16:29:12.758Z "Failed to get current session: AxiosError: Network Error"
2025-01-22T16:29:28.152Z "Failed to get current session: AxiosError: Network Error"
2025-01-22T16:30:08.226Z "Failed to get current session: AxiosError: Network Error"
2025-01-22T16:30:39.240Z "Failed to get current session: AxiosError: Network Error"
2025-01-22T16:32:44.577Z "Failed to get current session: AxiosError: Network Error"
2025-01-22T16:33:46.351Z "Failed to get current session: AxiosError: Network Error"
2025-01-22T16:34:56.400Z "Failed to get current session: AxiosError: Network Error"
2025-01-22T16:35:11.744Z "Login failed for user admin: AxiosError: Network Error"
2025-01-22T16:37:07.622Z "Failed to get current session: AxiosError: Network Error"
2025-01-22T16:46:54.835Z "Login failed for user admin: AxiosError: Network Error"
2025-01-22T16:46:58.769Z "Login failed for user admin: AxiosError: Network Error"
2025-01-22T17:04:01.181Z "MockAuthService.login error: Invalid username or password"
2025-01-22T17:05:14.706Z "MockAuthService.login error: undefined"
2025-01-22T17:06:19.722Z "Clients loaded successfully"
2025-01-22T17:06:32.218Z "Clients loaded successfully"
2025-01-22T17:06:36.496Z "Clients loaded successfully"
2025-01-22T17:06:37.541Z "Clients loaded successfully"
2025-01-22T17:08:55.818Z "Clients loaded successfully"
2025-01-22T17:09:01.495Z "Navigating to edit client"
2025-01-22T17:09:01.514Z {"message":"Navigation: Page not found","path":"/clients/Y2JwXzFfMTczNzU2NTc0MTQ4OQ/edit","referrer":"http://localhost:4000/login","userAgent":"Mozilla/5.0 (Macintosh; Intel Mac OS X 10_15_7) AppleWebKit/537.36 (KHTML, like Gecko) Chrome/131.0.0.0 Safari/537.36","timestamp":"2025-01-22T17:09:01.512Z"}
2025-01-22T17:09:04.667Z {"message":"Navigation: Redirect from 404","from":"/clients/Y2JwXzFfMTczNzU2NTc0MTQ4OQ/edit","to":"/admin/clients","timestamp":"2025-01-22T17:09:04.665Z"}
2025-01-22T17:09:07.442Z {"message":"Navigation: Page not found","path":"/clients/Y2JwXzFfMTczNzU2NTc0MTQ4OQ/edit","referrer":"http://localhost:4000/login","userAgent":"Mozilla/5.0 (Macintosh; Intel Mac OS X 10_15_7) AppleWebKit/537.36 (KHTML, like Gecko) Chrome/131.0.0.0 Safari/537.36","timestamp":"2025-01-22T17:09:07.438Z"}
2025-01-22T17:09:08.054Z "Clients loaded successfully"
2025-01-22T17:17:33.298Z "Clients loaded successfully"
2025-01-22T18:30:01.983Z "Clients loaded successfully"
2025-01-22T18:30:05.342Z "Navigating to edit client"
2025-01-22T18:30:05.367Z {"message":"Navigation: Page not found","path":"/clients/Y2JwXzFfMTczNzU3MDYwNTM0MQ/edit","referrer":"http://localhost:4000/admin","userAgent":"Mozilla/5.0 (Macintosh; Intel Mac OS X 10_15_7) AppleWebKit/537.36 (KHTML, like Gecko) Chrome/131.0.0.0 Safari/537.36","timestamp":"2025-01-22T18:30:05.364Z"}
2025-01-22T18:30:22.211Z "Clients loaded successfully"
2025-01-22T18:31:09.882Z "Clients loaded successfully"
2025-01-22T18:31:12.348Z "Navigating to edit client"
2025-01-22T18:31:12.369Z {"message":"Navigation: Page not found","path":"/clients/Y2JwXzFfMTczNzU3MDY3MjM0NQ/edit","referrer":"http://localhost:4000/admin","userAgent":"Mozilla/5.0 (Macintosh; Intel Mac OS X 10_15_7) AppleWebKit/537.36 (KHTML, like Gecko) Chrome/131.0.0.0 Safari/537.36","timestamp":"2025-01-22T18:31:12.366Z"}
2025-01-22T18:31:39.987Z "Clients loaded successfully"
2025-01-22T18:33:42.668Z "Clients loaded successfully"
2025-01-22T18:33:46.735Z "Navigating to edit client"
2025-01-22T18:33:46.801Z "Client data loaded successfully for 1"
2025-01-22T18:33:52.353Z {"message":"Navigation: Page not found","path":"/clients/Y2JwXzFfMTczNzU3MDgzMjMyNQ/users","referrer":"http://localhost:4000/admin/client-management/list","userAgent":"Mozilla/5.0 (Macintosh; Intel Mac OS X 10_15_7) AppleWebKit/537.36 (KHTML, like Gecko) Chrome/131.0.0.0 Safari/537.36","timestamp":"2025-01-22T18:33:52.348Z"}
2025-01-22T18:33:58.647Z {"message":"Navigation: Page not found","path":"/clients/Y2JwXzFfMTczNzU3MDgzMjMyNQ/users","referrer":"http://localhost:4000/admin/client-management/list","userAgent":"Mozilla/5.0 (Macintosh; Intel Mac OS X 10_15_7) AppleWebKit/537.36 (KHTML, like Gecko) Chrome/131.0.0.0 Safari/537.36","timestamp":"2025-01-22T18:33:58.643Z"}
2025-01-22T18:34:00.841Z "Client data loaded successfully for 1"
2025-01-22T18:34:07.849Z "Clients loaded successfully"
2025-01-22T18:34:13.991Z "Navigating to edit client"
2025-01-22T18:34:14.023Z "Client data loaded successfully for 1"
2025-01-22T18:36:31.894Z "Clients loaded successfully"
2025-01-22T18:36:43.209Z "Navigating to edit client - ID: 1, Encoded: Y2JwXzFfMTczNzU3MTAwMzIwNQ"
2025-01-22T18:36:43.276Z "Client data loaded successfully for 1"
2025-01-22T18:38:34.741Z "Clients loaded successfully"
2025-01-22T18:38:37.180Z "Navigating to edit client - ID: 1, Encoded: Y2JwXzFfMTczNzU3MTExNzE3NQ"
2025-01-22T18:38:37.239Z "Client data loaded successfully for 1"
2025-01-22T18:38:58.155Z "Clients loaded successfully"
2025-01-22T18:39:05.269Z "Navigating to edit client - ID: 1, Encoded: Y2JwXzFfMTczNzU3MTE0NTI2NA"
2025-01-22T18:39:05.287Z "Client data loaded successfully for 1"
2025-01-22T18:39:19.421Z "Clients loaded successfully"
2025-01-22T18:39:20.811Z "Client data loaded successfully for 1"
2025-01-22T18:39:21.467Z "Clients loaded successfully"
2025-01-22T18:39:27.687Z "Clients loaded successfully"
2025-01-22T18:39:29.736Z "Navigating to edit client - ID: 1, Encoded: Y2JwXzFfMTczNzU3MTE2OTczMA"
2025-01-22T18:39:29.760Z "Client data loaded successfully for 1"
2025-01-22T18:44:50.356Z "Clients loaded successfully"
2025-01-22T18:44:52.088Z "Navigating to edit client - ID: 1, Encoded: Y2JwXzFfMTczNzU3MTQ5MjA4Ng"
2025-01-22T18:44:52.150Z "Client data loaded successfully for 1"
2025-01-22T18:44:52.186Z "Contact information loaded for client 1"
2025-01-22T18:44:53.780Z "Users and groups loaded successfully"
2025-01-22T18:45:00.717Z "Contact information loaded for client 1"
2025-01-22T18:45:10.513Z "Users and groups loaded successfully"
2025-01-22T18:45:19.635Z "Clients loaded successfully"
2025-01-22T18:45:21.048Z "Navigating to edit client - ID: 1, Encoded: Y2JwXzFfMTczNzU3MTUyMTA0NQ"
2025-01-22T18:45:21.071Z "Client data loaded successfully for 1"
2025-01-22T18:45:21.103Z "Contact information loaded for client 1"
2025-01-22T18:45:23.469Z "Users and groups loaded successfully"
2025-01-22T18:46:42.133Z "Clients loaded successfully"
2025-01-22T18:48:33.412Z "Clients loaded successfully"
2025-01-22T18:48:40.406Z "Navigating to edit client - ID: 1, Encoded: Y2JwXzFfMTczNzU3MTcyMDQwMQ"
2025-01-22T18:48:40.489Z "Client data loaded successfully for 1"
2025-01-22T18:48:40.522Z "Contact information loaded for client 1"
2025-01-22T18:48:43.443Z "Users and groups loaded successfully"
2025-01-22T18:51:29.082Z "Clients loaded successfully"
2025-01-22T18:51:31.109Z "Navigating to edit client - ID: 1, Encoded: Y2JwXzFfMTczNzU3MTg5MTEwNg"
2025-01-22T18:51:31.179Z "Client data loaded successfully for 1"
2025-01-22T18:51:31.212Z "Contact information loaded for client 1"
2025-01-22T18:52:59.583Z "Clients loaded successfully"
2025-01-22T18:53:00.520Z "Navigating to edit client - ID: 1, Encoded: Y2JwXzFfMTczNzU3MTk4MDUxOA"
2025-01-22T18:53:00.575Z "Client data loaded successfully for 1"
2025-01-22T18:53:00.613Z "Contact information loaded for client 1"
2025-01-22T18:53:59.767Z "Clients loaded successfully"
2025-01-22T18:54:00.608Z "Navigating to edit client - ID: 1, Encoded: Y2JwXzFfMTczNzU3MjA0MDYwNg"
2025-01-22T18:54:00.671Z "Client data loaded successfully for 1"
2025-01-22T18:54:00.705Z "Contact information loaded for client 1"
2025-01-22T18:58:43.750Z "Clients loaded successfully"
2025-01-22T18:58:45.512Z "Navigating to edit client - ID: 1, Encoded: Y2JwXzFfMTczNzU3MjMyNTUwNw"
2025-01-22T18:58:45.573Z "Client data loaded successfully for 1"
2025-01-22T18:58:45.609Z "Contact information loaded for client 1"
2025-01-22T19:00:35.151Z "Clients loaded successfully"
2025-01-22T19:00:36.629Z "Navigating to edit client - ID: 1, Encoded: Y2JwXzFfMTczNzU3MjQzNjYyNw"
2025-01-22T19:00:36.699Z "Client data loaded successfully for 1"
2025-01-22T19:00:36.732Z "Contact information loaded for client 1"
2025-01-22T19:01:04.471Z "Clients loaded successfully"
2025-01-22T19:01:06.483Z "Navigating to edit client - ID: 1, Encoded: Y2JwXzFfMTczNzU3MjQ2NjQ3OA"
2025-01-22T19:01:06.550Z "Client data loaded successfully for 1"
2025-01-22T19:01:06.585Z "Contact information loaded for client 1"
2025-01-22T19:17:48.359Z "Clients loaded successfully"
2025-01-22T19:17:51.272Z "Navigating to edit client - ID: 1, Encoded: Y2JwXzFfMTczNzU3MzQ3MTI2OQ"
2025-01-22T19:17:51.331Z "Client data loaded successfully for 1"
2025-01-22T19:17:51.376Z "Contact information loaded for client 1"
2025-01-22T19:20:05.515Z "Clients loaded successfully"
2025-01-22T19:20:07.060Z "Navigating to edit client - ID: 1, Encoded: Y2JwXzFfMTczNzU3MzYwNzA1Nw"
2025-01-22T19:20:07.119Z "Client data loaded successfully for 1"
2025-01-22T19:20:07.153Z "Contact information loaded for client 1"
2025-01-22T19:21:24.733Z "Clients loaded successfully"
2025-01-22T19:21:27.009Z "Navigating to edit client - ID: 1, Encoded: Y2JwXzFfMTczNzU3MzY4NzAwNw"
2025-01-22T19:21:27.088Z "Client data loaded successfully for 1"
2025-01-22T19:21:27.104Z "Contact information loaded for client 1"
2025-01-22T19:22:50.175Z "Clients loaded successfully"
2025-01-22T19:22:51.081Z "Navigating to edit client - ID: 1, Encoded: Y2JwXzFfMTczNzU3Mzc3MTA3OQ"
2025-01-22T19:22:51.131Z "Client data loaded successfully for 1"
2025-01-22T19:22:51.165Z "Contact information loaded for client 1"
2025-01-22T19:23:07.445Z "Clients loaded successfully"
2025-01-22T19:23:09.428Z "Navigating to edit client - ID: 1, Encoded: Y2JwXzFfMTczNzU3Mzc4OTQyNg"
2025-01-22T19:23:09.486Z "Client data loaded successfully for 1"
2025-01-22T19:23:09.525Z "Contact information loaded for client 1"
2025-01-22T19:28:49.025Z "Clients loaded successfully"
2025-01-22T19:28:50.090Z "Navigating to edit client - ID: 1, Encoded: Y2JwXzFfMTczNzU3NDEzMDA4Nw"
2025-01-22T19:28:50.152Z "Client data loaded successfully for 1"
2025-01-22T19:28:50.186Z "Contact information loaded for client 1"
